c:\users\90541\source\c++\cpp_exercıses\exercıses_1\2_selectıonsort\x64\debug\vc141.pdb
c:\users\90541\source\c++\cpp_exercıses\exercıses_1\2_selectıonsort\x64\debug\vc141.ıdb
c:\users\90541\source\c++\cpp_exercıses\exercıses_1\2_selectıonsort\x64\debug\selectıonsort.obj
c:\users\90541\source\c++\cpp_exercıses\exercıses_1\2_selectıonsort\x64\debug\maın_selectıonsort.obj
c:\users\90541\source\c++\cpp_exercıses\exercıses_1\x64\debug\2_selectıonsort.exe
c:\users\90541\source\c++\cpp_exercıses\exercıses_1\x64\debug\2_selectıonsort.ılk
c:\users\90541\source\c++\cpp_exercıses\exercıses_1\x64\debug\2_selectıonsort.pdb
c:\users\90541\source\c++\cpp_exercises\exercises_1\2_selectionsort\x64\debug\main.obj
c:\users\90541\source\c++\cpp_exercises\exercises_1\2_selectionsort\x64\debug\main_selectionsort.obj
c:\users\90541\source\c++\cpp_exercises\exercises_1\2_selectionsort\x64\debug\selectionsort.obj
c:\users\90541\source\c++\cpp_exercises\exercises_1\2_selectionsort\x64\debug\vc141.idb
c:\users\90541\source\c++\cpp_exercises\exercises_1\2_selectionsort\x64\debug\vc141.pdb
c:\users\90541\source\c++\cpp_exercises\exercises_1\x64\debug\2_selectionsort.pdb
c:\users\90541\source\c++\cpp_exercises\exercises_1\x64\debug\2_selectionsort.exe
c:\users\90541\source\c++\cpp_exercises\exercises_1\x64\debug\2_selectionsort.ilk
c:\users\90541\source\c++\cpp_exercises\exercises_1\2_selectionsort\x64\debug\2_selectionsort.tlog\cl.command.1.tlog
c:\users\90541\source\c++\cpp_exercises\exercises_1\2_selectionsort\x64\debug\2_selectionsort.tlog\cl.read.1.tlog
c:\users\90541\source\c++\cpp_exercises\exercises_1\2_selectionsort\x64\debug\2_selectionsort.tlog\cl.write.1.tlog
c:\users\90541\source\c++\cpp_exercises\exercises_1\2_selectionsort\x64\debug\2_selectionsort.tlog\link.command.1.tlog
c:\users\90541\source\c++\cpp_exercises\exercises_1\2_selectionsort\x64\debug\2_selectionsort.tlog\link.read.1.tlog
c:\users\90541\source\c++\cpp_exercises\exercises_1\2_selectionsort\x64\debug\2_selectionsort.tlog\link.write.1.tlog
