c:\users\90541\source\c++\cpp_exercıses\exercıses_1\1_bublesort_\x64\debug\vc141.pdb
c:\users\90541\source\c++\cpp_exercıses\exercıses_1\1_bublesort_\x64\debug\vc141.ıdb
c:\users\90541\source\c++\cpp_exercıses\exercıses_1\1_bublesort_\x64\debug\maın_bublesort.obj
c:\users\90541\source\c++\cpp_exercıses\exercıses_1\x64\debug\1_bublesort.exe
c:\users\90541\source\c++\cpp_exercıses\exercıses_1\x64\debug\1_bublesort.ılk
c:\users\90541\source\c++\cpp_exercıses\exercıses_1\x64\debug\1_bublesort.pdb
c:\users\90541\source\c++\cpp_exercises\exercises_1\1_bublesort_\x64\debug\bublesort.obj
c:\users\90541\source\c++\cpp_exercises\exercises_1\1_bublesort_\x64\debug\main.obj
c:\users\90541\source\c++\cpp_exercises\exercises_1\1_bublesort_\x64\debug\main_bublesort.obj
c:\users\90541\source\c++\cpp_exercises\exercises_1\1_bublesort_\x64\debug\vc141.idb
c:\users\90541\source\c++\cpp_exercises\exercises_1\1_bublesort_\x64\debug\vc141.pdb
c:\users\90541\source\c++\cpp_exercises\exercises_1\x64\debug\1_bublesort.pdb
c:\users\90541\source\c++\cpp_exercises\exercises_1\x64\debug\1_bublesort.exe
c:\users\90541\source\c++\cpp_exercises\exercises_1\x64\debug\1_bublesort.ilk
c:\users\90541\source\c++\cpp_exercises\exercises_1\1_bublesort_\x64\debug\1_bublesort.tlog\cl.command.1.tlog
c:\users\90541\source\c++\cpp_exercises\exercises_1\1_bublesort_\x64\debug\1_bublesort.tlog\cl.read.1.tlog
c:\users\90541\source\c++\cpp_exercises\exercises_1\1_bublesort_\x64\debug\1_bublesort.tlog\cl.write.1.tlog
c:\users\90541\source\c++\cpp_exercises\exercises_1\1_bublesort_\x64\debug\1_bublesort.tlog\link.command.1.tlog
c:\users\90541\source\c++\cpp_exercises\exercises_1\1_bublesort_\x64\debug\1_bublesort.tlog\link.read.1.tlog
c:\users\90541\source\c++\cpp_exercises\exercises_1\1_bublesort_\x64\debug\1_bublesort.tlog\link.write.1.tlog
